# JRE version: OpenJDK Runtime Environment Temurin-17.0.10+7 (17.0.10+7) (build 17.0.10+7)
# Java VM: OpenJDK 64-Bit Server VM Temurin-17.0.10+7 (17.0.10+7, mixed mode, emulated-client, tiered, compressed oops, compressed class ptrs, g1 gc, windows-amd64)
GC Precious Log:
 CPUs: 20 total, 20 available
 Memory: 16003M
 Large Page Support: Disabled
 NUMA Support: Disabled
 Compressed Oops: Enabled (32-bit)
 Heap Region Size: 1M
 Heap Min Capacity: 8M
 Heap Initial Capacity: 252M
 Heap Max Capacity: 1G
 Pre-touch: Disabled
 Parallel Workers: 15
 Concurrent Workers: 4
 Concurrent Refinement Workers: 15
 Periodic GC: Disabled
Heap:
 garbage-first heap   total 99328K, used 37132K [0x00000000c0000000, 0x0000000100000000)
  region size 1024K, 1 young (1024K), 0 survivors (0K)
 Metaspace       used 59201K, committed 59648K, reserved 1114112K
  class space    used 7355K, committed 7552K, reserved 1048576K
GC Heap History (20 events):
Event: 13148.452 GC heap before
{Heap before GC invocations=927 (full 790):
 garbage-first heap   total 99328K, used 37132K [0x00000000c0000000, 0x0000000100000000)
  region size 1024K, 1 young (1024K), 0 survivors (0K)
 Metaspace       used 59201K, committed 59648K, reserved 1114112K
  class space    used 7355K, committed 7552K, reserved 1048576K
}
Event: 13148.477 GC heap after
{Heap after GC invocations=928 (full 791):
 garbage-first heap   total 99328K, used 37132K [0x00000000c0000000, 0x0000000100000000)
  region size 1024K, 0 young (0K), 0 survivors (0K)
 Metaspace       used 59201K, committed 59648K, reserved 1114112K
  class space    used 7355K, committed 7552K, reserved 1048576K
}
Event: 13158.657 GC heap before
{Heap before GC invocations=928 (full 791):
 garbage-first heap   total 99328K, used 37132K [0x00000000c0000000, 0x0000000100000000)
  region size 1024K, 1 young (1024K), 0 survivors (0K)
 Metaspace       used 59201K, committed 59648K, reserved 1114112K
  class space    used 7355K, committed 7552K, reserved 1048576K
}
Event: 13158.683 GC heap after
{Heap after GC invocations=929 (full 792):
 garbage-first heap   total 99328K, used 37132K [0x00000000c0000000, 0x0000000100000000)
  region size 1024K, 0 young (0K), 0 survivors (0K)
 Metaspace       used 59201K, committed 59648K, reserved 1114112K
  class space    used 7355K, committed 7552K, reserved 1048576K
}
Event: 13168.928 GC heap before
{Heap before GC invocations=929 (full 792):
 garbage-first heap   total 99328K, used 37132K [0x00000000c0000000, 0x0000000100000000)
  region size 1024K, 1 young (1024K), 0 survivors (0K)
 Metaspace       used 59201K, committed 59648K, reserved 1114112K
  class space    used 7355K, committed 7552K, reserved 1048576K
}
Event: 13168.953 GC heap after
{Heap after GC invocations=930 (full 793):
 garbage-first heap   total 99328K, used 37132K [0x00000000c0000000, 0x0000000100000000)
  region size 1024K, 0 young (0K), 0 survivors (0K)
 Metaspace       used 59201K, committed 59648K, reserved 1114112K
  class space    used 7355K, committed 7552K, reserved 1048576K
}
Event: 13179.133 GC heap before
{Heap before GC invocations=930 (full 793):
 garbage-first heap   total 99328K, used 37132K [0x00000000c0000000, 0x0000000100000000)
  region size 1024K, 1 young (1024K), 0 survivors (0K)
 Metaspace       used 59201K, committed 59648K, reserved 1114112K
  class space    used 7355K, committed 7552K, reserved 1048576K
}
Event: 13179.159 GC heap after
{Heap after GC invocations=931 (full 794):
 garbage-first heap   total 99328K, used 37132K [0x00000000c0000000, 0x0000000100000000)
  region size 1024K, 0 young (0K), 0 survivors (0K)
 Metaspace       used 59201K, committed 59648K, reserved 1114112K
  class space    used 7355K, committed 7552K, reserved 1048576K
}
Event: 13189.352 GC heap before
{Heap before GC invocations=931 (full 794):
 garbage-first heap   total 99328K, used 37132K [0x00000000c0000000, 0x0000000100000000)
  region size 1024K, 1 young (1024K), 0 survivors (0K)
 Metaspace       used 59201K, committed 59648K, reserved 1114112K
  class space    used 7355K, committed 7552K, reserved 1048576K
}
Event: 13189.374 GC heap after
{Heap after GC invocations=932 (full 795):
 garbage-first heap   total 99328K, used 37132K [0x00000000c0000000, 0x0000000100000000)
  region size 1024K, 0 young (0K), 0 survivors (0K)
 Metaspace       used 59201K, committed 59648K, reserved 1114112K
  class space    used 7355K, committed 7552K, reserved 1048576K
}
Event: 13199.532 GC heap before
{Heap before GC invocations=932 (full 795):
 garbage-first heap   total 99328K, used 37132K [0x00000000c0000000, 0x0000000100000000)
  region size 1024K, 1 young (1024K), 0 survivors (0K)
 Metaspace       used 59201K, committed 59648K, reserved 1114112K
  class space    used 7355K, committed 7552K, reserved 1048576K
}
Event: 13199.553 GC heap after
{Heap after GC invocations=933 (full 796):
 garbage-first heap   total 99328K, used 37132K [0x00000000c0000000, 0x0000000100000000)
  region size 1024K, 0 young (0K), 0 survivors (0K)
 Metaspace       used 59201K, committed 59648K, reserved 1114112K
  class space    used 7355K, committed 7552K, reserved 1048576K
}
Event: 13209.730 GC heap before
{Heap before GC invocations=933 (full 796):
 garbage-first heap   total 99328K, used 37132K [0x00000000c0000000, 0x0000000100000000)
  region size 1024K, 1 young (1024K), 0 survivors (0K)
 Metaspace       used 59201K, committed 59648K, reserved 1114112K
  class space    used 7355K, committed 7552K, reserved 1048576K
}
Event: 13209.752 GC heap after
{Heap after GC invocations=934 (full 797):
 garbage-first heap   total 99328K, used 37132K [0x00000000c0000000, 0x0000000100000000)
  region size 1024K, 0 young (0K), 0 survivors (0K)
 Metaspace       used 59201K, committed 59648K, reserved 1114112K
  class space    used 7355K, committed 7552K, reserved 1048576K
}
Event: 13219.926 GC heap before
{Heap before GC invocations=934 (full 797):
 garbage-first heap   total 99328K, used 37132K [0x00000000c0000000, 0x0000000100000000)
  region size 1024K, 1 young (1024K), 0 survivors (0K)
 Metaspace       used 59201K, committed 59648K, reserved 1114112K
  class space    used 7355K, committed 7552K, reserved 1048576K
}
Event: 13219.946 GC heap after
{Heap after GC invocations=935 (full 798):
 garbage-first heap   total 99328K, used 37132K [0x00000000c0000000, 0x0000000100000000)
  region size 1024K, 0 young (0K), 0 survivors (0K)
 Metaspace       used 59201K, committed 59648K, reserved 1114112K
  class space    used 7355K, committed 7552K, reserved 1048576K
}
Event: 13230.109 GC heap before
{Heap before GC invocations=935 (full 798):
 garbage-first heap   total 99328K, used 37132K [0x00000000c0000000, 0x0000000100000000)
  region size 1024K, 1 young (1024K), 0 survivors (0K)
 Metaspace       used 59201K, committed 59648K, reserved 1114112K
  class space    used 7355K, committed 7552K, reserved 1048576K
}
Event: 13230.132 GC heap after
{Heap after GC invocations=936 (full 799):
 garbage-first heap   total 99328K, used 37132K [0x00000000c0000000, 0x0000000100000000)
  region size 1024K, 0 young (0K), 0 survivors (0K)
 Metaspace       used 59201K, committed 59648K, reserved 1114112K
  class space    used 7355K, committed 7552K, reserved 1048576K
}
Event: 13240.302 GC heap before
{Heap before GC invocations=936 (full 799):
 garbage-first heap   total 99328K, used 37132K [0x00000000c0000000, 0x0000000100000000)
  region size 1024K, 1 young (1024K), 0 survivors (0K)
 Metaspace       used 59201K, committed 59648K, reserved 1114112K
  class space    used 7355K, committed 7552K, reserved 1048576K
}
Event: 13240.326 GC heap after
{Heap after GC invocations=937 (full 800):
 garbage-first heap   total 99328K, used 37132K [0x00000000c0000000, 0x0000000100000000)
  region size 1024K, 0 young (0K), 0 survivors (0K)
 Metaspace       used 59201K, committed 59648K, reserved 1114112K
  class space    used 7355K, committed 7552K, reserved 1048576K
}

